Gym has been unmaintained since 2022 and does not support NumPy 2.0 amongst other critical functionality.
Please upgrade to Gymnasium, the maintained drop-in replacement of Gym, or contact the authors of your software and request that they upgrade.
Users of this version of Gym should be able to simply replace 'import gym' with 'import gymnasium as gym' in the vast majority of cases.
See the migration guide at https://gymnasium.farama.org/introduction/migration_guide/ for additional information.
Gym has been unmaintained since 2022 and does not support NumPy 2.0 amongst other critical functionality.
Please upgrade to Gymnasium, the maintained drop-in replacement of Gym, or contact the authors of your software and request that they upgrade.
Users of this version of Gym should be able to simply replace 'import gym' with 'import gymnasium as gym' in the vast majority of cases.
See the migration guide at https://gymnasium.farama.org/introduction/migration_guide/ for additional information.Gym has been unmaintained since 2022 and does not support NumPy 2.0 amongst other critical functionality.
Please upgrade to Gymnasium, the maintained drop-in replacement of Gym, or contact the authors of your software and request that they upgrade.
Users of this version of Gym should be able to simply replace 'import gym' with 'import gymnasium as gym' in the vast majority of cases.
See the migration guide at https://gymnasium.farama.org/introduction/migration_guide/ for additional information.

Gym has been unmaintained since 2022 and does not support NumPy 2.0 amongst other critical functionality.
Please upgrade to Gymnasium, the maintained drop-in replacement of Gym, or contact the authors of your software and request that they upgrade.
Users of this version of Gym should be able to simply replace 'import gym' with 'import gymnasium as gym' in the vast majority of cases.
See the migration guide at https://gymnasium.farama.org/introduction/migration_guide/ for additional information.
Gym has been unmaintained since 2022 and does not support NumPy 2.0 amongst other critical functionality.
Please upgrade to Gymnasium, the maintained drop-in replacement of Gym, or contact the authors of your software and request that they upgrade.
Users of this version of Gym should be able to simply replace 'import gym' with 'import gymnasium as gym' in the vast majority of cases.
See the migration guide at https://gymnasium.farama.org/introduction/migration_guide/ for additional information.
Gym has been unmaintained since 2022 and does not support NumPy 2.0 amongst other critical functionality.
Please upgrade to Gymnasium, the maintained drop-in replacement of Gym, or contact the authors of your software and request that they upgrade.
Users of this version of Gym should be able to simply replace 'import gym' with 'import gymnasium as gym' in the vast majority of cases.
See the migration guide at https://gymnasium.farama.org/introduction/migration_guide/ for additional information.
Gym has been unmaintained since 2022 and does not support NumPy 2.0 amongst other critical functionality.
Please upgrade to Gymnasium, the maintained drop-in replacement of Gym, or contact the authors of your software and request that they upgrade.
Users of this version of Gym should be able to simply replace 'import gym' with 'import gymnasium as gym' in the vast majority of cases.
See the migration guide at https://gymnasium.farama.org/introduction/migration_guide/ for additional information.
Gym has been unmaintained since 2022 and does not support NumPy 2.0 amongst other critical functionality.
Please upgrade to Gymnasium, the maintained drop-in replacement of Gym, or contact the authors of your software and request that they upgrade.
Users of this version of Gym should be able to simply replace 'import gym' with 'import gymnasium as gym' in the vast majority of cases.
See the migration guide at https://gymnasium.farama.org/introduction/migration_guide/ for additional information.
Gym has been unmaintained since 2022 and does not support NumPy 2.0 amongst other critical functionality.
Please upgrade to Gymnasium, the maintained drop-in replacement of Gym, or contact the authors of your software and request that they upgrade.
Users of this version of Gym should be able to simply replace 'import gym' with 'import gymnasium as gym' in the vast majority of cases.
See the migration guide at https://gymnasium.farama.org/introduction/migration_guide/ for additional information.
Exception in thread Thread-1:
Traceback (most recent call last):
  File "D:\Anaconda3\Lib\threading.py", line 1043, in _bootstrap_inner
    self.run()
    ~~~~~~~~^^
  File "D:\Anaconda3\Lib\site-packages\tensorboard\summary\writer\event_file_writer.py", line 244, in run
    self._run()
    ~~~~~~~~~^^
  File "D:\Anaconda3\Lib\site-packages\tensorboard\summary\writer\event_file_writer.py", line 275, in _run
    self._record_writer.write(data)
    ~~~~~~~~~~~~~~~~~~~~~~~~~^^^^^^
  File "D:\Anaconda3\Lib\site-packages\tensorboard\summary\writer\record_writer.py", line 40, in write
    self._writer.write(header + header_crc + data + footer_crc)
    ~~~~~~~~~~~~~~~~~~^^^^^^^^^^^^^^^^^^^^^^^^^^^^^^^^^^^^^^^^^
  File "D:\Anaconda3\Lib\site-packages\tensorboard\compat\tensorflow_stub\io\gfile.py", line 775, in write
    self.fs.append(self.filename, file_content, self.binary_mode)
    ~~~~~~~~~~~~~~^^^^^^^^^^^^^^^^^^^^^^^^^^^^^^^^^^^^^^^^^^^^^^^
  File "D:\Anaconda3\Lib\site-packages\tensorboard\compat\tensorflow_stub\io\gfile.py", line 167, in append
    self._write(filename, file_content, "ab" if binary_mode else "a")
    ~~~~~~~~~~~^^^^^^^^^^^^^^^^^^^^^^^^^^^^^^^^^^^^^^^^^^^^^^^^^^^^^^
  File "D:\Anaconda3\Lib\site-packages\tensorboard\compat\tensorflow_stub\io\gfile.py", line 171, in _write
    with io.open(filename, mode, encoding=encoding) as f:
         ~~~~~~~^^^^^^^^^^^^^^^^^^^^^^^^^^^^^^^^^^^
FileNotFoundError: [Errno 2] No such file or directory: b'./data/MAPPO_seed10_0503_014127/logs/MAPPO_parallel_seed10\\events.out.tfevents.1777743709.LAPTOP-FSM.68604.0'
==> е§дкЦєЖЏ 8 ИіВЂааЛЗОГ...
==> ПЊЪМЖрНјГЬВЂаабЕСЗ...
Traceback (most recent call last):
  File "D:\Meta-MAPPO\Meta-MAPPO\9.0\train_parallel.py", line 611, in <module>
  File "D:\Meta-MAPPO\Meta-MAPPO\9.0\train_parallel.py", line 536, in main
    )
    
  File "D:\Anaconda3\Lib\site-packages\torch\utils\tensorboard\writer.py", line 1210, in close
    writer.flush()
    ~~~~~~~~~~~~^^
  File "D:\Anaconda3\Lib\site-packages\torch\utils\tensorboard\writer.py", line 153, in flush
    self.event_writer.flush()
    ~~~~~~~~~~~~~~~~~~~~~~~^^
  File "D:\Anaconda3\Lib\site-packages\tensorboard\summary\writer\event_file_writer.py", line 125, in flush
    self._async_writer.flush()
    ~~~~~~~~~~~~~~~~~~~~~~~~^^
  File "D:\Anaconda3\Lib\site-packages\tensorboard\summary\writer\event_file_writer.py", line 186, in flush
    self._check_worker_status()
    ~~~~~~~~~~~~~~~~~~~~~~~~~^^
  File "D:\Anaconda3\Lib\site-packages\tensorboard\summary\writer\event_file_writer.py", line 212, in _check_worker_status
    raise exception
  File "D:\Meta-MAPPO\Meta-MAPPO\9.0\train_parallel.py", line 495, in main
        (not full_kill_win)
    ...<3 lines>...
    
  File "D:\Anaconda3\Lib\site-packages\torch\utils\tensorboard\writer.py", line 389, in add_scalar
    self._get_file_writer().add_summary(summary, global_step, walltime)
    ~~~~~~~~~~~~~~~~~~~~~~~~~~~~~~~~~~~^^^^^^^^^^^^^^^^^^^^^^^^^^^^^^^^
  File "D:\Anaconda3\Lib\site-packages\torch\utils\tensorboard\writer.py", line 115, in add_summary
    self.add_event(event, global_step, walltime)
    ~~~~~~~~~~~~~~^^^^^^^^^^^^^^^^^^^^^^^^^^^^^^
  File "D:\Anaconda3\Lib\site-packages\torch\utils\tensorboard\writer.py", line 99, in add_event
    self.event_writer.add_event(event)
    ~~~~~~~~~~~~~~~~~~~~~~~~~~~^^^^^^^
  File "D:\Anaconda3\Lib\site-packages\tensorboard\summary\writer\event_file_writer.py", line 117, in add_event
    self._async_writer.write(event.SerializeToString())
    ~~~~~~~~~~~~~~~~~~~~~~~~^^^^^^^^^^^^^^^^^^^^^^^^^^^
  File "D:\Anaconda3\Lib\site-packages\tensorboard\summary\writer\event_file_writer.py", line 171, in write
    self._check_worker_status()
    ~~~~~~~~~~~~~~~~~~~~~~~~~^^
  File "D:\Anaconda3\Lib\site-packages\tensorboard\summary\writer\event_file_writer.py", line 212, in _check_worker_status
    raise exception
  File "D:\Anaconda3\Lib\threading.py", line 1043, in _bootstrap_inner
    self.run()
    ~~~~~~~~^^
  File "D:\Anaconda3\Lib\site-packages\tensorboard\summary\writer\event_file_writer.py", line 244, in run
    self._run()
    ~~~~~~~~~^^
  File "D:\Anaconda3\Lib\site-packages\tensorboard\summary\writer\event_file_writer.py", line 275, in _run
    self._record_writer.write(data)
    ~~~~~~~~~~~~~~~~~~~~~~~~~^^^^^^
  File "D:\Anaconda3\Lib\site-packages\tensorboard\summary\writer\record_writer.py", line 40, in write
    self._writer.write(header + header_crc + data + footer_crc)
    ~~~~~~~~~~~~~~~~~~^^^^^^^^^^^^^^^^^^^^^^^^^^^^^^^^^^^^^^^^^
  File "D:\Anaconda3\Lib\site-packages\tensorboard\compat\tensorflow_stub\io\gfile.py", line 775, in write
    self.fs.append(self.filename, file_content, self.binary_mode)
    ~~~~~~~~~~~~~~^^^^^^^^^^^^^^^^^^^^^^^^^^^^^^^^^^^^^^^^^^^^^^^
  File "D:\Anaconda3\Lib\site-packages\tensorboard\compat\tensorflow_stub\io\gfile.py", line 167, in append
    self._write(filename, file_content, "ab" if binary_mode else "a")
    ~~~~~~~~~~~^^^^^^^^^^^^^^^^^^^^^^^^^^^^^^^^^^^^^^^^^^^^^^^^^^^^^^
  File "D:\Anaconda3\Lib\site-packages\tensorboard\compat\tensorflow_stub\io\gfile.py", line 171, in _write
    with io.open(filename, mode, encoding=encoding) as f:
         ~~~~~~~^^^^^^^^^^^^^^^^^^^^^^^^^^^^^^^^^^^
FileNotFoundError: [Errno 2] No such file or directory: b'./data/MAPPO_seed10_0503_014127/logs/MAPPO_parallel_seed10\\events.out.tfevents.1777743709.LAPTOP-FSM.68604.0'
